<?xml version="1.0" encoding="UTF-8"?>
<testsuite xmlns:xsi="http://www.w3.org/2001/XMLSchema-instance" xsi:noNamespaceSchemaLocation="https://maven.apache.org/surefire/maven-surefire-plugin/xsd/surefire-test-report-3.0.xsd" version="3.0" name="ec.espe.edu.controller.ProductManagerTest" time="4.277" tests="6" errors="0" skipped="0" failures="0">
  <properties>
[...]
</properties>
  <testcase name="testUpdateProductPriceValid" classname="ec.espe.edu.controller.ProductManagerTest" time="2.909">
    <system-out><![CDATA[testUpdateProductPriceValid
[MongoConnection] Connected to MongoDB Atlas successfully.
]]></system-out>
    <system-err><![CDATA[[cluster-ClusterId{value='689417b9acf961415c8e1ff0', description='null'}-srv-cluster0.dqlf2xq.mongodb.net] INFO org.mongodb.driver.cluster - Adding discovered server ac-jsfwmwz-shard-00-01.dqlf2xq.mongodb.net:27017 to client view of cluster
[main] INFO org.mongodb.driver.client - MongoClient with metadata {"driver": {"name": "mongo-java-driver|sync", "version": "4.11.1"}, "os": {"type": "Windows", "name": "Windows 11", "architecture": "amd64", "version": "10.0"}, "platform": "Java/Oracle Corporation/24.0.1+9-30"} created with settings MongoClientSettings{readPreference=primary, writeConcern=WriteConcern{w=majority, wTimeout=null ms, journal=null}, retryWrites=true, retryReads=true, readConcern=ReadConcern{level=null}, credential=MongoCredential{mechanism=null, userName='machicaiza22', source='admin', password=<hidden>, mechanismProperties=<hidden>}, transportSettings=null, streamFactoryFactory=null, commandListeners=[], codecRegistry=ProvidersCodecRegistry{codecProviders=[ValueCodecProvider{}, BsonValueCodecProvider{}, DBRefCodecProvider{}, DBObjectCodecProvider{}, DocumentCodecProvider{}, CollectionCodecProvider{}, IterableCodecProvider{}, MapCodecProvider{}, GeoJsonCodecProvider{}, GridFSFileCodecProvider{}, Jsr310CodecProvider{}, JsonObjectCodecProvider{}, BsonCodecProvider{}, EnumCodecProvider{}, com.mongodb.client.model.mql.ExpressionCodecProvider@642a7222, com.mongodb.Jep395RecordCodecProvider@7d322cad, com.mongodb.KotlinCodecProvider@21be3395]}, loggerSettings=LoggerSettings{maxDocumentLength=1000}, clusterSettings={hosts=[127.0.0.1:27017], srvHost=cluster0.dqlf2xq.mongodb.net, srvServiceName=mongodb, mode=MULTIPLE, requiredClusterType=REPLICA_SET, requiredReplicaSetName='atlas-l7tj3w-shard-0', serverSelector='null', clusterListeners='[]', serverSelectionTimeout='30000 ms', localThreshold='15 ms'}, socketSettings=SocketSettings{connectTimeoutMS=10000, readTimeoutMS=0, receiveBufferSize=0, proxySettings=ProxySettings{host=null, port=null, username=null, password=null}}, heartbeatSocketSettings=SocketSettings{connectTimeoutMS=10000, readTimeoutMS=10000, receiveBufferSize=0, proxySettings=ProxySettings{host=null, port=null, username=null, password=null}}, connectionPoolSettings=ConnectionPoolSettings{maxSize=100, minSize=0, maxWaitTimeMS=120000, maxConnectionLifeTimeMS=0, maxConnectionIdleTimeMS=0, maintenanceInitialDelayMS=0, maintenanceFrequencyMS=60000, connectionPoolListeners=[], maxConnecting=2}, serverSettings=ServerSettings{heartbeatFrequencyMS=10000, minHeartbeatFrequencyMS=500, serverListeners='[]', serverMonitorListeners='[]'}, sslSettings=SslSettings{enabled=true, invalidHostNameAllowed=false, context=null}, applicationName='null', compressorList=[], uuidRepresentation=UNSPECIFIED, serverApi=null, autoEncryptionSettings=null, dnsClient=null, inetAddressResolver=null, contextProvider=null}
[cluster-ClusterId{value='689417b9acf961415c8e1ff0', description='null'}-srv-cluster0.dqlf2xq.mongodb.net] INFO org.mongodb.driver.cluster - Adding discovered server ac-jsfwmwz-shard-00-00.dqlf2xq.mongodb.net:27017 to client view of cluster
[cluster-ClusterId{value='689417b9acf961415c8e1ff0', description='null'}-srv-cluster0.dqlf2xq.mongodb.net] INFO org.mongodb.driver.cluster - Adding discovered server ac-jsfwmwz-shard-00-02.dqlf2xq.mongodb.net:27017 to client view of cluster
[main] INFO org.mongodb.driver.cluster - No server chosen by ReadPreferenceServerSelector{readPreference=primary} from cluster description ClusterDescription{type=REPLICA_SET, connectionMode=MULTIPLE, serverDescriptions=[ServerDescription{address=ac-jsfwmwz-shard-00-00.dqlf2xq.mongodb.net:27017, type=UNKNOWN, state=CONNECTING}, ServerDescription{address=ac-jsfwmwz-shard-00-02.dqlf2xq.mongodb.net:27017, type=UNKNOWN, state=CONNECTING}, ServerDescription{address=ac-jsfwmwz-shard-00-01.dqlf2xq.mongodb.net:27017, type=UNKNOWN, state=CONNECTING}]}. Waiting for 30000 ms before timing out
[cluster-ClusterId{value='689417b9acf961415c8e1ff0', description='null'}-ac-jsfwmwz-shard-00-02.dqlf2xq.mongodb.net:27017] INFO org.mongodb.driver.cluster - Monitor thread successfully connected to server with description ServerDescription{address=ac-jsfwmwz-shard-00-02.dqlf2xq.mongodb.net:27017, type=REPLICA_SET_SECONDARY, state=CONNECTED, ok=true, minWireVersion=0, maxWireVersion=25, maxDocumentSize=16777216, logicalSessionTimeoutMinutes=30, roundTripTimeNanos=648947700, setName='atlas-l7tj3w-shard-0', canonicalAddress=ac-jsfwmwz-shard-00-02.dqlf2xq.mongodb.net:27017, hosts=[ac-jsfwmwz-shard-00-01.dqlf2xq.mongodb.net:27017, ac-jsfwmwz-shard-00-02.dqlf2xq.mongodb.net:27017, ac-jsfwmwz-shard-00-00.dqlf2xq.mongodb.net:27017], passives=[], arbiters=[], primary='ac-jsfwmwz-shard-00-01.dqlf2xq.mongodb.net:27017', tagSet=TagSet{[Tag{name='availabilityZone', value='sae1-az2'}, Tag{name='diskState', value='READY'}, Tag{name='nodeType', value='ELECTABLE'}, Tag{name='provider', value='AWS'}, Tag{name='region', value='SA_EAST_1'}, Tag{name='workloadType', value='OPERATIONAL'}]}, electionId=null, setVersion=36, topologyVersion=TopologyVersion{processId=6890feaab665c11b940dfdb1, counter=3}, lastWriteDate=Wed Aug 06 22:04:25 GMT-05:00 2025, lastUpdateTimeNanos=1869427392100}
[cluster-ClusterId{value='689417b9acf961415c8e1ff0', description='null'}-ac-jsfwmwz-shard-00-00.dqlf2xq.mongodb.net:27017] INFO org.mongodb.driver.cluster - Monitor thread successfully connected to server with description ServerDescription{address=ac-jsfwmwz-shard-00-00.dqlf2xq.mongodb.net:27017, type=REPLICA_SET_SECONDARY, state=CONNECTED, ok=true, minWireVersion=0, maxWireVersion=25, maxDocumentSize=16777216, logicalSessionTimeoutMinutes=30, roundTripTimeNanos=649447600, setName='atlas-l7tj3w-shard-0', canonicalAddress=ac-jsfwmwz-shard-00-00.dqlf2xq.mongodb.net:27017, hosts=[ac-jsfwmwz-shard-00-01.dqlf2xq.mongodb.net:27017, ac-jsfwmwz-shard-00-02.dqlf2xq.mongodb.net:27017, ac-jsfwmwz-shard-00-00.dqlf2xq.mongodb.net:27017], passives=[], arbiters=[], primary='ac-jsfwmwz-shard-00-01.dqlf2xq.mongodb.net:27017', tagSet=TagSet{[Tag{name='availabilityZone', value='sae1-az1'}, Tag{name='diskState', value='READY'}, Tag{name='nodeType', value='ELECTABLE'}, Tag{name='provider', value='AWS'}, Tag{name='region', value='SA_EAST_1'}, Tag{name='workloadType', value='OPERATIONAL'}]}, electionId=null, setVersion=36, topologyVersion=TopologyVersion{processId=6890f8c0e2016b93cafb23ea, counter=4}, lastWriteDate=Wed Aug 06 22:04:25 GMT-05:00 2025, lastUpdateTimeNanos=1869427384800}
[cluster-ClusterId{value='689417b9acf961415c8e1ff0', description='null'}-ac-jsfwmwz-shard-00-01.dqlf2xq.mongodb.net:27017] INFO org.mongodb.driver.cluster - Monitor thread successfully connected to server with description ServerDescription{address=ac-jsfwmwz-shard-00-01.dqlf2xq.mongodb.net:27017, type=REPLICA_SET_PRIMARY, state=CONNECTED, ok=true, minWireVersion=0, maxWireVersion=25, maxDocumentSize=16777216, logicalSessionTimeoutMinutes=30, roundTripTimeNanos=648933300, setName='atlas-l7tj3w-shard-0', canonicalAddress=ac-jsfwmwz-shard-00-01.dqlf2xq.mongodb.net:27017, hosts=[ac-jsfwmwz-shard-00-01.dqlf2xq.mongodb.net:27017, ac-jsfwmwz-shard-00-02.dqlf2xq.mongodb.net:27017, ac-jsfwmwz-shard-00-00.dqlf2xq.mongodb.net:27017], passives=[], arbiters=[], primary='ac-jsfwmwz-shard-00-01.dqlf2xq.mongodb.net:27017', tagSet=TagSet{[Tag{name='availabilityZone', value='sae1-az3'}, Tag{name='diskState', value='READY'}, Tag{name='nodeType', value='ELECTABLE'}, Tag{name='provider', value='AWS'}, Tag{name='region', value='SA_EAST_1'}, Tag{name='workloadType', value='OPERATIONAL'}]}, electionId=7fffffff00000000000000d4, setVersion=36, topologyVersion=TopologyVersion{processId=6890fb963d819bfc0262d739, counter=6}, lastWriteDate=Wed Aug 06 22:04:25 GMT-05:00 2025, lastUpdateTimeNanos=1869427384800}
[cluster-ClusterId{value='689417b9acf961415c8e1ff0', description='null'}-ac-jsfwmwz-shard-00-01.dqlf2xq.mongodb.net:27017] INFO org.mongodb.driver.cluster - Discovered replica set primary ac-jsfwmwz-shard-00-01.dqlf2xq.mongodb.net:27017 with max election id 7fffffff00000000000000d4 and max set version 36
]]></system-err>
  </testcase>
  <testcase name="testUpdateProductNameNonExistent" classname="ec.espe.edu.controller.ProductManagerTest" time="0.191">
    <system-out><![CDATA[testUpdateProductNameNonExistent
]]></system-out>
  </testcase>
  <testcase name="testUpdateProductStockValid" classname="ec.espe.edu.controller.ProductManagerTest" time="0.374">
    <system-out><![CDATA[testUpdateProductStockValid
]]></system-out>
  </testcase>
  <testcase name="testUpdateProductStockNonExistent" classname="ec.espe.edu.controller.ProductManagerTest" time="0.188">
    <system-out><![CDATA[testUpdateProductStockNonExistent
]]></system-out>
  </testcase>
  <testcase name="testUpdateProductNameValid" classname="ec.espe.edu.controller.ProductManagerTest" time="0.373">
    <system-out><![CDATA[testUpdateProductNameValid
]]></system-out>
  </testcase>
  <testcase name="testUpdateProductPriceNonExistent" classname="ec.espe.edu.controller.ProductManagerTest" time="0.187">
    <system-out><![CDATA[testUpdateProductPriceNonExistent
]]></system-out>
  </testcase>
</testsuite>