<?xml version="1.0" encoding="UTF-8"?>
<testsuite xmlns:xsi="http://www.w3.org/2001/XMLSchema-instance" xsi:noNamespaceSchemaLocation="https://maven.apache.org/surefire/maven-surefire-plugin/xsd/surefire-test-report-3.0.xsd" version="3.0" name="ec.espe.edu.controller.AttendanceControllerTest" time="0.547" tests="7" errors="0" skipped="0" failures="0">
  <properties>
[...]
</properties>
  <testcase name="testRegisterAttendanceValid" classname="ec.espe.edu.controller.AttendanceControllerTest" time="0.192">
    <system-out><![CDATA[testRegisterAttendanceValid
]]></system-out>
  </testcase>
  <testcase name="testRegisterAttendanceInvalidDateFormat" classname="ec.espe.edu.controller.AttendanceControllerTest" time="0.003">
    <system-out><![CDATA[testRegisterAttendanceInvalidDateFormat
]]></system-out>
  </testcase>
  <testcase name="testRegisterAttendanceEmptyArtisanName" classname="ec.espe.edu.controller.AttendanceControllerTest" time="0.001">
    <system-out><![CDATA[testRegisterAttendanceEmptyArtisanName
]]></system-out>
  </testcase>
  <testcase name="testRegisterAttendanceEmptyDate" classname="ec.espe.edu.controller.AttendanceControllerTest" time="0.001">
    <system-out><![CDATA[testRegisterAttendanceEmptyDate
]]></system-out>
  </testcase>
  <testcase name="testRegisterAttendanceNullParameters" classname="ec.espe.edu.controller.AttendanceControllerTest" time="0.001">
    <system-out><![CDATA[testRegisterAttendanceNullParameters
]]></system-out>
  </testcase>
  <testcase name="testGetAttendanceHistory" classname="ec.espe.edu.controller.AttendanceControllerTest" time="0.166">
    <system-out><![CDATA[testGetAttendanceHistory
]]></system-out>
  </testcase>
  <testcase name="testGetAttendanceHistoryEmptyName" classname="ec.espe.edu.controller.AttendanceControllerTest" time="0.171">
    <system-out><![CDATA[testGetAttendanceHistoryEmptyName
]]></system-out>
  </testcase>
</testsuite>