<?xml version="1.0" encoding="UTF-8"?>
<testsuite xmlns:xsi="http://www.w3.org/2001/XMLSchema-instance" xsi:noNamespaceSchemaLocation="https://maven.apache.org/surefire/maven-surefire-plugin/xsd/surefire-test-report-3.0.xsd" version="3.0" name="ec.espe.edu.controller.UserControllerTest" time="1.222" tests="8" errors="0" skipped="0" failures="0">
  <properties>
[...]
</properties>
  <testcase name="testLogin_ValidCredentials" classname="ec.espe.edu.controller.UserControllerTest" time="0.159">
    <system-out><![CDATA[testLogin_ValidCredentials
]]></system-out>
  </testcase>
  <testcase name="testProcessLogin_ValidCredentials" classname="ec.espe.edu.controller.UserControllerTest" time="0.313">
    <system-out><![CDATA[testProcessLogin_ValidCredentials
]]></system-out>
  </testcase>
  <testcase name="testLogin_NonexistentUser" classname="ec.espe.edu.controller.UserControllerTest" time="0.148">
    <system-out><![CDATA[testLogin_NonexistentUser
]]></system-out>
  </testcase>
  <testcase name="testGetArtisanName_InvalidUser" classname="ec.espe.edu.controller.UserControllerTest" time="0.149">
    <system-out><![CDATA[testGetArtisanName_InvalidUser
]]></system-out>
  </testcase>
  <testcase name="testProcessLogin_EmptyFields" classname="ec.espe.edu.controller.UserControllerTest" time="0.0">
    <system-out><![CDATA[testProcessLogin_EmptyFields
]]></system-out>
  </testcase>
  <testcase name="testProcessLogin_InvalidCredentials" classname="ec.espe.edu.controller.UserControllerTest" time="0.146">
    <system-out><![CDATA[testProcessLogin_InvalidCredentials
]]></system-out>
  </testcase>
  <testcase name="testGetArtisanName_ValidUser" classname="ec.espe.edu.controller.UserControllerTest" time="0.147">
    <system-out><![CDATA[testGetArtisanName_ValidUser
]]></system-out>
  </testcase>
  <testcase name="testLogin_InvalidPassword" classname="ec.espe.edu.controller.UserControllerTest" time="0.147">
    <system-out><![CDATA[testLogin_InvalidPassword
]]></system-out>
  </testcase>
</testsuite>